TN:
SF:/home/cisco/Documents/learn/udemy_course/Angular/NOV-25/loginTesting (copy)/src/polyfills.ts
FNF:0
FNH:0
LF:0
LH:0
BRF:0
BRH:0
end_of_record
TN:
SF:/home/cisco/Documents/learn/udemy_course/Angular/NOV-25/loginTesting (copy)/src/test.ts
FNF:0
FNH:0
DA:13,1
DA:18,1
DA:20,1
LF:3
LH:3
BRF:0
BRH:0
end_of_record
TN:
SF:/home/cisco/Documents/learn/udemy_course/Angular/NOV-25/loginTesting (copy)/src/app/app.component.ts
FN:3,(anonymous_0)
FNF:1
FNH:1
FNDA:2,(anonymous_0)
DA:8,1
DA:9,2
LF:2
LH:2
BRF:0
BRH:0
end_of_record
TN:
SF:/home/cisco/Documents/learn/udemy_course/Angular/NOV-25/loginTesting (copy)/src/app/data-fetch.service.ts
FN:10,(anonymous_0)
FN:12,(anonymous_1)
FNF:2
FNH:2
FNDA:5,(anonymous_0)
FNDA:4,(anonymous_1)
DA:8,1
DA:9,5
DA:10,5
DA:13,4
LF:4
LH:4
BRF:0
BRH:0
end_of_record
TN:
SF:/home/cisco/Documents/learn/udemy_course/Angular/NOV-25/loginTesting (copy)/src/app/footer/footer.component.ts
FN:10,(anonymous_0)
FN:12,(anonymous_1)
FNF:2
FNH:2
FNDA:6,(anonymous_0)
FNDA:6,(anonymous_1)
DA:8,1
LF:1
LH:1
BRF:0
BRH:0
end_of_record
TN:
SF:/home/cisco/Documents/learn/udemy_course/Angular/NOV-25/loginTesting (copy)/src/app/header/header.component.ts
FN:10,(anonymous_0)
FN:12,(anonymous_1)
FNF:2
FNH:2
FNDA:6,(anonymous_0)
FNDA:6,(anonymous_1)
DA:8,1
LF:1
LH:1
BRF:0
BRH:0
end_of_record
TN:
SF:/home/cisco/Documents/learn/udemy_course/Angular/NOV-25/loginTesting (copy)/src/app/landing/landing.component.ts
FN:9,(anonymous_0)
FN:11,(anonymous_1)
FNF:2
FNH:2
FNDA:2,(anonymous_0)
FNDA:2,(anonymous_1)
DA:8,1
DA:12,2
LF:2
LH:2
BRF:0
BRH:0
end_of_record
TN:
SF:/home/cisco/Documents/learn/udemy_course/Angular/NOV-25/loginTesting (copy)/src/app/login-page/login-page.component.ts
FN:12,(anonymous_0)
FN:14,(anonymous_1)
FN:35,(anonymous_2)
FN:43,(anonymous_3)
FNF:4
FNH:4
FNDA:5,(anonymous_0)
FNDA:5,(anonymous_1)
FNDA:1,(anonymous_2)
FNDA:2,(anonymous_3)
DA:11,1
DA:12,5
DA:15,5
DA:17,5
DA:18,5
DA:19,5
DA:24,5
DA:36,1
DA:37,1
DA:38,1
DA:39,1
DA:40,1
DA:44,2
DA:45,1
DA:46,1
DA:48,1
LF:16
LH:16
BRDA:44,0,0,1
BRDA:44,0,1,1
BRF:2
BRH:2
end_of_record
TN:
SF:/home/cisco/Documents/learn/udemy_course/Angular/NOV-25/loginTesting (copy)/src/app/table/table.component.ts
FN:10,(anonymous_0)
FN:12,(anonymous_1)
FN:13,(anonymous_2)
FNF:3
FNH:3
FNDA:3,(anonymous_0)
FNDA:3,(anonymous_1)
FNDA:2,(anonymous_2)
DA:9,1
DA:10,3
DA:11,3
DA:13,3
DA:14,2
LF:5
LH:5
BRF:0
BRH:0
end_of_record
TN:
SF:/home/cisco/Documents/learn/udemy_course/Angular/NOV-25/loginTesting (copy)/src/assets/user.ts
FNF:0
FNH:0
DA:1,1
LF:1
LH:1
BRF:0
BRH:0
end_of_record
